<?xml version="1.0" encoding="UTF-8"?>
<testsuites name="Test Suite" time="13.618" tests="1" failures="0" errors="0">
   <testsuite name="Test Suite" tests="1" failures="0" errors="0" time="13.618" skipped="0" timestamp="31-07-2024T16:38:43" hostname="richard - localhost" id="Test Suites/Test Suite">
      <properties>
         <property name="deviceName" value=""/>
         <property name="devicePlatform"/>
         <property name="logFolder" value="/Users/richard/Example-BDD-with-Katalon-Studio/Reports/20240731_163838/Test Suite/20240731_163838"/>
         <property name="logFiles" value="/Users/richard/Example-BDD-with-Katalon-Studio/Reports/20240731_163838/Test Suite/20240731_163838/execution0.log"/>
         <property name="attachments" value="keyes/keyes-full_view-2.png, keyes/keyes-current_viewport-2.png"/>
         <property name="hostName" value="richard - localhost"/>
         <property name="os" value="Mac OS X 64bit"/>
         <property name="katalonVersion" value="9.6.0.217"/>
         <property name="browser" value="Chrome 127.0.0.0"/>
         <property name="hostAddress" value="127.0.0.1"/>
         <property name="sessionId" value="0acfc00679671a2b4484a34ff1644793"/>
         <property name="seleniumVersion" value="3.141.59"/>
         <property name="proxyInformation" value="ProxyInformation { proxyOption=NO_PROXY, proxyServerType=HTTP, username=, password=********, proxyServerAddress=, proxyServerPort=0, executionList=&quot;&quot;, isApplyToDesiredCapabilities=true }"/>
         <property name="platform" value="Mac OS X"/>
      </properties>
      <testcase name="Test Cases/Test" time="13.553" classname="Test Cases/Test" status="PASSED">
         <system-out><![CDATA[31-07-2024T16:38:43 - [TEST_CASE][PASSED] - Test Cases/Test: Test Cases/Test

31-07-2024T16:38:43 - [TEST_STEP][PASSED] - Start listener action : setup: null

31-07-2024T16:38:43 - [TEST_STEP][PASSED] - addDefaultPackages(): null

31-07-2024T16:38:43 - [TEST_STEP][PASSED] - openBrowser("https://katalon-demo-cura.herokuapp.com/"): Browser is opened with url: 'https://katalon-demo-cura.herokuapp.com/'

31-07-2024T16:38:43 - [MESSAGE][INFO] - Starting 'Chrome' driver

31-07-2024T16:38:43 - [MESSAGE][INFO] - Action delay is set to 0 milliseconds

31-07-2024T16:38:48 - [MESSAGE][PASSED] - Browser is opened with url: 'https://katalon-demo-cura.herokuapp.com/'

31-07-2024T16:38:48 - [TEST_STEP][PASSED] - click(findTestObject("Appointment/Make Appointment Button")): Object: 'Object Repository/Appointment/Make Appointment Button' is clicked on

31-07-2024T16:38:49 - [MESSAGE][PASSED] - Object: 'Object Repository/Appointment/Make Appointment Button' is clicked on

31-07-2024T16:38:49 - [TEST_STEP][PASSED] - setText(findTestObject("Object Repository/Appointment/User Input"), "John Doe"): Text 'John Doe' is set on object 'Object Repository/Appointment/User Input'

31-07-2024T16:38:50 - [MESSAGE][PASSED] - Text 'John Doe' is set on object 'Object Repository/Appointment/User Input'

31-07-2024T16:38:50 - [TEST_STEP][PASSED] - setText(findTestObject("Object Repository/Appointment/Password Input"), "ThisIsNotAPassword"): Text 'ThisIsNotAPassword' is set on object 'Object Repository/Appointment/Password Input'

31-07-2024T16:38:50 - [MESSAGE][PASSED] - Text 'ThisIsNotAPassword' is set on object 'Object Repository/Appointment/Password Input'

31-07-2024T16:38:50 - [TEST_STEP][PASSED] - takeScreenshotAsCheckpoint("full_view-2", CONTINUE_ON_FAILURE): Taking screenshot successfully

31-07-2024T16:38:51 - [MESSAGE][INFO] - 0 hidden object(s)

31-07-2024T16:38:51 - [MESSAGE][PASSED] - Taking screenshot successfully
[[ATTACHMENT|keyes/keyes-full_view-2.png]]

31-07-2024T16:38:51 - [TEST_STEP][PASSED] - click(findTestObject("Object Repository/Appointment/Login button")): Object: 'Object Repository/Appointment/Login button' is clicked on

31-07-2024T16:38:52 - [MESSAGE][PASSED] - Object: 'Object Repository/Appointment/Login button' is clicked on

31-07-2024T16:38:52 - [TEST_STEP][PASSED] - takeFullPageScreenshotAsCheckpoint("current_viewport-2", CONTINUE_ON_FAILURE): Taking screenshot successfully

31-07-2024T16:38:53 - [MESSAGE][INFO] - 0 hidden object(s)

31-07-2024T16:38:54 - [MESSAGE][PASSED] - Taking screenshot successfully
[[ATTACHMENT|keyes/keyes-current_viewport-2.png]]

31-07-2024T16:38:54 - [TEST_STEP][PASSED] - click(findTestObject("Object Repository/Appointment/Calendar Button")): Object: 'Object Repository/Appointment/Calendar Button' is clicked on

31-07-2024T16:38:54 - [MESSAGE][PASSED] - Object: 'Object Repository/Appointment/Calendar Button' is clicked on

31-07-2024T16:38:54 - [TEST_STEP][PASSED] - click(findTestObject("Object Repository/Appointment/Select Day")): Object: 'Object Repository/Appointment/Select Day' is clicked on

31-07-2024T16:38:54 - [MESSAGE][PASSED] - Object: 'Object Repository/Appointment/Select Day' is clicked on

31-07-2024T16:38:54 - [TEST_STEP][PASSED] - setText(findTestObject("Object Repository/Appointment/Comment Input"), "Test Comentario"): Text 'Test Comentario' is set on object 'Object Repository/Appointment/Comment Input'

31-07-2024T16:38:55 - [MESSAGE][PASSED] - Text 'Test Comentario' is set on object 'Object Repository/Appointment/Comment Input'

31-07-2024T16:38:55 - [TEST_STEP][PASSED] - click(findTestObject("Object Repository/Appointment/Book Appointment Button")): Object: 'Object Repository/Appointment/Book Appointment Button' is clicked on

31-07-2024T16:38:56 - [MESSAGE][PASSED] - Object: 'Object Repository/Appointment/Book Appointment Button' is clicked on

31-07-2024T16:38:56 - [TEST_STEP][PASSED] - verifyElementPresent(findTestObject("Object Repository/Appointment/Appointment Confirmation"), 20): Object 'Object Repository/Appointment/Appointment Confirmation' is present

31-07-2024T16:38:56 - [MESSAGE][PASSED] - Object 'Object Repository/Appointment/Appointment Confirmation' is present

31-07-2024T16:38:56 - [TEST_STEP][PASSED] - Start listener action : after: Browser is closed

31-07-2024T16:38:56 - [TEST_STEP][PASSED] - closeBrowser(): Browser is closed

31-07-2024T16:38:56 - [MESSAGE][PASSED] - Browser is closed]]></system-out>
         <system-err><![CDATA[]]></system-err>
      </testcase>
      <system-out><![CDATA[31-07-2024T16:38:43 - [TEST_SUITE][PASSED] - Test Suite: Test Cases/Test]]></system-out>
      <system-err><![CDATA[]]></system-err>
   </testsuite>
</testsuites>
